<?xml version="1.0" encoding="UTF-8"?>
<testng-results ignored="0" total="2" passed="2" failed="0" skipped="0">
  <reporter-output>
    <line>
      <![CDATA[chrome]]>
    </line>
    <line>
      <![CDATA[firefox]]>
    </line>
  </reporter-output>
  <suite started-at="2024-01-02T16:25:11 IST" name="Suite" finished-at="2024-01-02T16:25:50 IST" duration-ms="38731">
    <groups>
    </groups>
    <test started-at="2024-01-02T16:25:11 IST" name="GCTest" finished-at="2024-01-02T16:25:37 IST" duration-ms="25761">
      <class name="day27.Demo3">
        <test-method signature="testA(java.lang.String,java.lang.String)[pri:0, instance:day27.Demo3@152aa092]" started-at="2024-01-02T16:25:11 IST" name="testA" finished-at="2024-01-02T16:25:37 IST" duration-ms="25691" status="PASS">
          <params>
            <param index="0">
              <value>
                <![CDATA[chrome]]>
              </value>
            </param>
            <param index="1">
              <value>
                <![CDATA[http://localhost:4444]]>
              </value>
            </param>
          </params>
          <reporter-output>
            <line>
              <![CDATA[chrome]]>
            </line>
          </reporter-output>
        </test-method> <!-- testA -->
      </class> <!-- day27.Demo3 -->
    </test> <!-- GCTest -->
    <test started-at="2024-01-02T16:25:11 IST" name="FFTest" finished-at="2024-01-02T16:25:50 IST" duration-ms="38707">
      <class name="day27.Demo3">
        <test-method signature="testA(java.lang.String,java.lang.String)[pri:0, instance:day27.Demo3@6c130c45]" started-at="2024-01-02T16:25:11 IST" name="testA" finished-at="2024-01-02T16:25:50 IST" duration-ms="38666" status="PASS">
          <params>
            <param index="0">
              <value>
                <![CDATA[firefox]]>
              </value>
            </param>
            <param index="1">
              <value>
                <![CDATA[http://localhost:4444]]>
              </value>
            </param>
          </params>
          <reporter-output>
            <line>
              <![CDATA[firefox]]>
            </line>
          </reporter-output>
        </test-method> <!-- testA -->
      </class> <!-- day27.Demo3 -->
    </test> <!-- FFTest -->
  </suite> <!-- Suite -->
</testng-results>
